<?xml version="1.0" encoding="UTF-8" ?>
<testsuites>
  <testsuite errors="0" failures="0" hostname="sparkPC" id="0" name="ExcelAllWrite" package="Excel_Reader" skipped="0" tests="1" time="2.022" timestamp="2016-02-15T13:46:16">
      <properties>
[...]
</properties>

      <testcase classname="Excel_Reader.ExcelAllWrite" name="allWrite" time="1.851" />

      <system-out><![CDATA[Writing into Excel files ..... 
]]></system-out>

      <system-err><![CDATA[]]></system-err>

  </testsuite>
</testsuites>
